<?xml version="1.0" encoding="UTF-8"?>
<testsuite xmlns:xsi="http://www.w3.org/2001/XMLSchema-instance" xsi:noNamespaceSchemaLocation="https://maven.apache.org/surefire/maven-surefire-plugin/xsd/surefire-test-report-3.0.xsd" version="3.0" name="com.auction.service.AuctionServiceTest" time="0.09" tests="10" errors="0" skipped="0" failures="0">
  <properties>
[...]
</properties>
  <testcase name="login_correctPassword_success" classname="com.auction.service.AuctionServiceTest" time="0.027"/>
  <testcase name="register_duplicateUsername_throws" classname="com.auction.service.AuctionServiceTest" time="0.003"/>
  <testcase name="placeBid_nonExistentAuction_throws" classname="com.auction.service.AuctionServiceTest" time="0.003"/>
  <testcase name="login_wrongPassword_throws" classname="com.auction.service.AuctionServiceTest" time="0.002"/>
  <testcase name="placeBid_tooLow_throws" classname="com.auction.service.AuctionServiceTest" time="0.013"/>
  <testcase name="register_newUser_success" classname="com.auction.service.AuctionServiceTest" time="0.001"/>
  <testcase name="placeBid_closedAuction_throws" classname="com.auction.service.AuctionServiceTest" time="0.002"/>
  <testcase name="login_nonExistentUser_throws" classname="com.auction.service.AuctionServiceTest" time="0.002"/>
  <testcase name="singleton_alwaysSameInstance" classname="com.auction.service.AuctionServiceTest" time="0.001"/>
  <testcase name="placeBid_validAmount_success" classname="com.auction.service.AuctionServiceTest" time="0.002"/>
</testsuite>